[   0.0000] nializngcgrop bsyscpeet
[  000000]Intiizin cgrou subss pu
[   .00000Initaling grupsubsyscpacct
[   0.0000 Lnux vrson 44.-16-geerc (buld@lw0-amd6402) gccveion .40 206009 (butu5.0-6uunu1~16.0.9 ) #14-Ubuntu SMPMon eb2 212304 UTC208 (Ubtu4.40-6.14-gneri 44.98)
[   0.0000 Commd ine: BOTMAGE/bot/vlizz-44.-116geericoot=UI=b6c49-e3-4331-ba6b-6e99a75fa48e ro console=tty1 console=ty0
[    0.000000] KERNEL supported cpus:
[    0.0000]  Inl GeuieIntl[   00000]  AM AthnticMD
[  000000] Cenau CenauHaul
    .0000] x6/pu: xstteoffst[]:  76 xstate_izes[2]:  256
[    0.000000] x86/fpu: Supporting XSAVE feature 0x01: 'x87 floating point registers'
[    0.000000] x86/fpu: Supporting XSAVE feature 0x02: 'SSE registes'
[   0.0000]x8/fpu SpprtngSAVEfeturex0: 'AX egisters'
[   .00000 x86fp: Eabd xsatfeatre 0x7 cntext szes 83 bte, sing 'stanar' form.
[    0.000000 x6/fpu: Using 'lazy' FPUcotet swtces.[   0.0000] e820: BIOSpridedphicalRA ma
    .0000]IOS-e820: [em 0000000000000-x000000009fbff]usble
[   000000] IOS-e80:mem x000000009fc00-00000000009fff] rseved[   0.0000] BOSe820 [m 0x000000f000-00000000ffff]reseve
[    0.000000] BIOS-e820: [mem 0x0000000000100000-0x00000000dffeffff]usble
[   000000 BOS-e20[mem 0x00000000dfff0000-0x000000ffffff] ACI ata
[    0.00000] IOS-e820: [mem 0x00000000fec00000-0x00000000fec00fff] reserved
[    0.000000] BIOS-e820: [mem 0x00000000fee00000-0x00000000fee00fff] reserved
[    0.000000] BIOS-e820: [mem x0000000ff00000x00000ffffff] esered
[  000000]BIOSe8: [mm x0000001000000x0000000163fff] uabe
[  0.0000]NX (xeute Diable potecio: active
[    000000] SMBIOS 2.5 present.
[    0.000000] Hypervisr eteced KVM
  0.0000] e82 lst_pn 0x12640 x_archpf = 040000000
[   .00000 MRRDisale
[    0.000000] x86/PAT: MTRRs disabled, skipping PT itiaiztionto.
[   00000]CPU MRR allblnk - vitulize stem.
[   .00000 x8PA: Cofiuratin [0-7:   WT UC UC  B WT  U U  
   0.0000] e20 lst_pn 0xdff0max_chpfn  00000000
[   0.00000] fond SMP MP-tabl at [mem 0x0009fff0-0x0009ffff] mapped at [ffff88000009fff]
[   00000] annig  areas orow mmo corupio
   0.000000 RMDISK: [em0x361c00-03705ff][    0.000000] ACPI: Early table checksum verification disbld[    0.000000] ACPI: RSDP 0x000000000E0000 000024 (v02 VBOX  )
[    0.0000] ACPI XDT 0x0000000FFF0030 0003 (v01 VBX   VBOXXSDT 00000001 ASL  000001)
[    .00000 AI: FCP0x000000DFF000 00F4 (v04 VBOX   VXFCP000001AS  000061)
[  000000]ACPI DT 0x00000DFFF0480 21FF (2 BOX  VOXBIS 000002 ITL 20100528)
[    0.000000] ACPI: FACS 0x00000000DFFF0200 000040
[    0.000000] ACPI: FACS 0x00000000DFFF0200 000040
[    0.000000] ACPI: APIC 0x00000000DFFF0240 000064 (v02 VBOX   VBOXAPIC 00000001 ASL  00000061)
[    0.000000] ACPI: SSDT 0x000000FF020 01CC (v01 VBOX  VOXCPT 00002 ITL 21028)[   0.0000 No UM configuraiofoun
    .0000]Fang a odat [em0x00000000000000-0x00000163ffff]
[    0.00000] NODE_DATA(0) allocated [mem 0x1263f7000-0x1263fbfff]
[    0.000000] kvm-clock: sing msrs 4b564d01 andb564d00
[    0.000000] kvm-clock: cpu 0, msr 1:263ef001, primary cpu clock
    00000] m-clckusin shed ffetof 3075189 ccles
[   0.000] closorce: vmcloc: sk: xfffffffffff mx_cycle: x1cd42e4dfbmax_ilens: 8859059143 ns
[    0.000000] Zone ranges:
[    0.000000]   DMA      [mem 0x000000000000100-0x0000000000ffffff]
[    0.000000]   DM32    [mem 0x000000000100000x00000000fffffff
  0.000000]  Nrmal   [mem 0x0000000100000000-0x00000001263fff][   0.00000] Devce  emty
[  000000]Movblzone start fr ach noe
[    0.000000 Erly emy noe anes
[    .00000  node   0: [mem 0x0000000000001000-0x000000000009efff]
[    0.000000]   node   0: [mem 0x0000000000100000-0x0000000dfefff][    00000]  node  : [mm x0000000100000-0x000001263fff]
    .00000 Iitme stup nod 0[mem 0x00000000100-000000026fffff]
[   0.0000] ACPI: PM-Timer I Port:0x4008
[    000000]IOPIC[0]: apic_id 3, version 32, address 0xfec00000, GSI 0-23
[    0.000000] ACPI: INT_SRC_OVR (bus 0 bus_irq 0 global_irq 2 dfl dfl)
[    0.000000] ACPI: INT_SRC_OVR (bus 0 bus_irq 9 global_irq 9 low level)
[    0.000000] Using ACPI (MADT) for SMP confiratin formtin
[  .00000 smpoo Allwig 3 PU, 0 hoplg CPs
[  .00000 PM:Reisteedosav mmory: [mem 0x00000000-0x00000fff]
[   00000]PM: egsterd osave mmo: [mm x000900-00009ffff][   0.00000] M:egiserd noave memoy: [em0x000a00-0x000fff]
[   0.0000]M: Regisred osve mory:[mm x0f0000-0x00ffff]
[    0.000000] PM: Registerednosave memor: [mem 0xdfff0000xdfffff]
[  0.0000] PM Rgisterd osave memory: [mem 0xe0000000-0xfebfffff]
[    00000]M: Rgiteedosave memory: [mem 0xfec00000-0xfec0ff
[    0.000000] M:Reisred nosae emor: mem 0xfec010-0fedfff]
[    0.000] P: egistered nsae memoy:[mem 0fe0000-0xfee00fff]
[    00000 PM:Reistered nosae emoy:mem 0xfee0100-xffffff]
[    00000] PM: Registered nosave meor: [mm xfffc000xffffff][   0.0000 e20: me 0xe000000-xfebfff] available forPC devices
[    0.000000] Booting paravirtualized kerelon KVM
   0.000] clocource: efed-jffes: mask: 0xfffffff mx_cycles: 0xffffffff, max_idle_ns: 7645519602156 n
    .00000]sepp_percpu:NRCPS:2 nrcpmask_bts12 n_cu_ds nr_od_ids1
[    0.000000] PERCPU: Embedded 34pages/cpu @fff88016000000 s9954 192 3128 u528
[   0.0000] V qspilo has tbl etries: 256 (order: 0, 4096 bytes)
[    0.000000] Built 1 zonelis in Node order, mobility grouping on.  Total pages: 105757
[   000000]Poliy one:oral
[   0.0000] erne comand lie:BOT_IMGE/bot/vmlinuz-4.4.0-116-generic root=UUID=b6adc449-5e3d-4331-ba6b-6e99a75fa48e ro console=tty1 console=ttyS0
[    0.000000] PID hash table entries: 4096 (order:3,327 btes)
[    .00000 Memry412788/429628Kavalae (830 kerl od, 09K wdta, 99K rodata, 1508K init, 1316K bss, 168260K reserved, K a-reered)
[  000000]SLUB: HWalig64, Orer0-3,MiObjects=0, CPUs=3, Nodes=1
[    000000] Krnl/Us pge tableislattin:enabed
[   000000] Hierarchical RCU mpemntion.
[    .00000] Buil-tme ajutmen o lea fout to 4.
[   000000] RCU esritingCPUs from NR_CPUS=512 to n_cpu_ids=3.
[    0.000000] RU: Adstingeoety r rc_fnoutlef=64,nrcpu_is=3
[   0.000000 N_IRQS:33024 nr_iqs448 16
[   .000000] Consoe:colour VG+ x25
[   .000000]onole [tty] nabl
[   0.00000] onole [tyS0] enabled
[   0.000000] tsc: Detected 2496.000 MHz processor
[   27.688760] Calibrating delay loop (skipped) preset value.. 4992.00 BogoMIPS (lpj=9984000)
[   27.776525] pid_max: default: 32768 minimum: 301
[   27.820062] ACPI: Core revision 20150930
[   27.833381] ACPI: 2 ACPI AML tables successfully acquired and loaded
[   27.948268] Security Framework initialized
[   27.987788] Yama: becoming mindful.
[   28.048699] AppArmor: AppArmor initialized
[   28.108524] Dentry cache hash table entries: 1048576 (order: 11, 8388608 bytes)
[   28.196239] Inode-cache hash table entries: 524288 (order: 10, 4194304 bytes)
[   28.278580] Mount-cache hash table entries: 16384 (order: 5, 131072 bytes)
[   28.399962] Mountpoint-cache hash table entries: 16384 (order: 5, 131072 bytes)
[   28.437774] Initializing cgroup subsys io
[   28.501890] Initializing cgroup subsys memory
[   28.584339] Initializing cgroup subsys devices
[   28.624651] Initializing cgroup subsys freezer
[   28.692511] Initializing cgroup subsys net_cls
[   28.762515] Initializing cgroup subsys perf_event
[   28.767649] Initializing cgroup subsys net_prio
[   28.784909] Initializing cgroup subsys hugetlb
[   28.792404] Initializing cgroup subsys pids
[   28.834201] CPU: Physical Processor ID: 0
[   28.843432] CPU: Processor Core ID: 0
[   28.856784] FEATURE SPEC_CTRL Not Present
[   28.877890] mce: CPU supports 0 MCE banks
[   28.936674] Last level iTLB entries: 4KB 64, 2MB 8, 4MB 8
[   28.993610] Last level dTLB entries: 4KB 64, 2MB 0, 4MB 0, 1GB 4
[   29.072180] Spectre V2 mitigation: Mitigation: Full generic retpoline
[   29.102264] Spectre V2 mitigation: Speculation control IBPB not-supported IBRS not-supported
[   29.207643] Freeing SMP alternatives memory: 32K
[   29.311324] ftrace: allocating 32186 entries in 126 pages
[   29.407397] smpboot: APIC(0) Converting physical 0 to logical package 0
[   29.536452] smpboot: Max logical packages: 1
[   29.611357] x2apic enabled
[   29.643825] Switched APIC routing to physical x2apic.
[   29.686172] ..TIMER: vector=0x30 apic1=0 pin1=2 apic2=-1 pin2=-1
[   29.891926] smpboot: CPU0: Intel(R) Core(TM) i5-6300U CPU @ 2.40GHz (family: 0x6, model: 0x4e, stepping: 0x3)
[   29.950157] Performance Events: unsupported p6 CPU model 78 no PMU driver, software events only.
[   29.965723] KVM setup paravirtual spinlock
[   29.986028] x86: Booting SMP configuration:
[   30.073056] .... node  #0, CPUs:      #1
[   30.123801] kvm-clock: cpu 1, msr 1:263ef041, secondary cpu clock
[   30.157893] mce: CPU supports 0 MCE banks
[   30.160858]  #2
[   30.185001] kvm-clock: cpu 2, msr 1:263ef081, secondary cpu clock
[   30.203065] mce: CPU supports 0 MCE banks
[   30.228862] x86: Booted up 1 node, 3 CPUs
[   30.274478] smpboot: Total of 3 processors activated (14976.00 BogoMIPS)
[   30.335535] devtmpfs: initialized
[   30.371948] evm: security.selinux
[   30.410599] evm: security.SMACK64
[   30.437304] evm: security.SMACK64EXEC
[   30.483154] evm: security.SMACK64TRANSMUTE
[   30.520702] evm: security.SMACK64MMAP
[   30.547983] evm: security.ima
[   30.551506] evm: security.capability
[   30.588733] clocksource: jiffies: mask: 0xffffffff max_cycles: 0xffffffff, max_idle_ns: 7645041785100000 ns
[   30.677584] futex hash table entries: 1024 (order: 4, 65536 bytes)
[   30.724768] pinctrl core: initialized pinctrl subsystem
[   30.780071] RTC time:  6:08:32, date: 02/25/18
[   30.802929] NET: Registered protocol family 16
[   30.841964] cpuidle: using governor ladder
[   30.902716] cpuidle: using governor menu
[   30.927458] PCCT header not found.
[   30.938035] ACPI: bus type PCI registered
[   30.974097] acpiphp: ACPI Hot Plug PCI Controller Driver version: 0.5
[   31.013466] PCI: Using configuration type 1 for base access
[   31.040179] ACPI: Added _OSI(Module Device)
[   31.065620] ACPI: Added _OSI(Processor Device)
[   31.088378] ACPI: Added _OSI(3.0 _SCP Extensions)
[   31.091547] ACPI: Added _OSI(Processor Aggregator Device)
[   31.103674] ACPI: Executed 1 blocks of module-level executable AML code
[   31.128644] ACPI: Interpreter enabled
[   31.153543] ACPI: (supports S0 S5)
[   31.200518] ACPI: Using IOAPIC for interrupt routing
[   31.251861] PCI: Using host bridge windows from ACPI; if necessary, use "pci=nocrs" and report a bug
[   31.302241] ACPI: PCI Root Bridge [PCI0] (domain 0000 [bus 00-ff])
[   31.374557] acpi PNP0A03:00: _OSC: OS supports [ASPM ClockPM Segments MSI]
[   31.430925] acpi PNP0A03:00: _OSC: not requesting OS control; OS requires [ExtendedConfig ASPM ClockPM MSI]
[   31.512271] acpi PNP0A03:00: fail to add MMCONFIG information, can't access extended PCI configuration space under this bridge.
[   31.616635] PCI host bridge to bus 0000:00
[   31.653966] pci_bus 0000:00: root bus resource [io  0x0000-0x0cf7 window]
[   31.700142] pci_bus 0000:00: root bus resource [io  0x0d00-0xffff window]
[   31.770847] pci_bus 0000:00: root bus resource [mem 0x000a0000-0x000bffff window]
[   31.839709] pci_bus 0000:00: root bus resource [mem 0xe0000000-0xfdffffff window]
[   31.907027] pci_bus 0000:00: root bus resource [bus 00-ff]
[   31.966451] pci 0000:00:01.1: legacy IDE quirk: reg 0x10: [io  0x01f0-0x01f7]
[   32.021658] pci 0000:00:01.1: legacy IDE quirk: reg 0x14: [io  0x03f6]
[   32.085810] pci 0000:00:01.1: legacy IDE quirk: reg 0x18: [io  0x0170-0x0177]
[   32.132272] pci 0000:00:01.1: legacy IDE quirk: reg 0x1c: [io  0x0376]
[   32.218835] pci 0000:00:07.0: quirk: [io  0x4000-0x403f] claimed by PIIX4 ACPI
[   32.281459] pci 0000:00:07.0: quirk: [io  0x4100-0x410f] claimed by PIIX4 SMB
[   32.365180] ACPI: PCI Interrupt Link [LNKA] (IRQs 5 9 10 *11)
[   32.387291] ACPI: PCI Interrupt Link [LNKB] (IRQs 5 9 *10 11)
[   32.440228] ACPI: PCI Interrupt Link [LNKC] (IRQs 5 *9 10 11)
[   32.489787] ACPI: PCI Interrupt Link [LNKD] (IRQs 5 9 10 *11)
[   32.531395] ACPI: Enabled 2 GPEs in block 00 to 07
[   32.563038] vgaarb: setting as boot device: PCI:0000:00:02.0
[   32.624759] vgaarb: device added: PCI:0000:00:02.0,decodes=io+mem,owns=io+mem,locks=none
[   32.708775] vgaarb: loaded
[   32.723505] vgaarb: bridge control possible 0000:00:02.0
[   32.775272] SCSI subsystem initialized
[   32.814321] ACPI: bus type USB registered
[   32.858790] usbcore: registered new interface driver usbfs
[   32.902262] usbcore: registered new interface driver hub
[   32.959179] usbcore: registered new device driver usb
[   32.989583] PCI: Using ACPI for IRQ routing
[   33.022114] NetLabel: Initializing
[   33.062108] NetLabel:  domain hash size = 128
[   33.115208] NetLabel:  protocols = UNLABELED CIPSOv4
[   33.150536] NetLabel:  unlabeled traffic allowed by default
[   33.183320] amd_nb: Cannot enumerate AMD northbridges
[   33.228384] clocksource: Switched to clocksource kvm-clock
[   3.2657] AppArmor: AppArmor Filesystem Enabled
[  33594 p: P APIni
[ 337821pn P APIfound 3 eves[ 34.2954 cckur: pipmma: ffffmacyle 0xfffffmaid_n 285104 s[  36208 NT:egted rocolamily 

[   36.272] P taisd shtale entries: 6553 (rdr: 7, 248 te
   36.997806] TCbi hsh tblenie 6536 (order: 81057 bes
[ 370040] P:astalecofiuredesblhe 636bid 55)  8.599]DPhah table entries: 4096 (orer 513072 ytes
   31524UDLie sh tlentie: 09(oer5,312 ytes)
[  40.14913] NT:egisteedroco family 1
[  40574]ci000000.0 Liting irt PCI/PI aner
[  41.0716] pci 0000:00:010:ctivating ISA D hg rkarods
[ 41347]npki itrfs.
[   42.420176] Freeing initrd memory: 15272K
[   42.455684] PCI-DMA: Using software bounce buffering for IO (SWIOTLB)
[   42.524579] software IO TLB [mem 0xdbff0000-0xdfff0000] (64MB) mapped at [ffff8800dbff0000-ffff8800dffeffff]
[   42.629868] platform rtc_cmos: registered platform RTC device (no PNP device found)
[   42.691604] Scanning for low memory corruption every 60 seconds
[   2.19] di itiizng netlink subysdiabd)
[   43.359628] audit: type=2000 audit(1519538898.878:1): initialized
[   43.383486] Initialise system trusted keyring
[   43.395443] HugeTLB registered 2 MB page size, pre-allocated 0 pages
[   43.420087] zbud: loaded
[   43.426077] VFS: Disk quotas dquot_6.6.0
[   43.457899] VFS: Dquot-cache hash table entries: 512 (order 0, 4096 bytes)
[   43.491357] squashfs: version 4.0 (2009/01/31) Phillip Lougher
[   43.539019] fuse init (API version 7.23)
[ 43.54790] Ky pebike risre
[ 432960] ts: fid SClosocecaliatn:495.07 Mz
[   43.629603] clocksource: tsc: mask: 0xffffffffffffffff max_cycles: 0x23f8a571db7, max_idle_ns: 440795280441 ns
[   44.946244] Allocating IMA MOK and blacklist keyrings.
[   44.963764] Key type asymmetric registered
[   45.018731] Asymmetric key parser 'x509' registered
[   45.072264] Block layer SCSI generic (bsg) driver version 0.4 loaded (major 249)
[   45.161598] io scheduler noop registered
[   45.187872] io scheduler deadline registered (default)
[   45.254294] io scheduler cfq registered
[   45.297647] pci_hotplug: PCI Hot Plug PCI Core version: 0.5
[   45.332842] pciehp: PCI Express Hot Plug Controller Driver version: 0.4
[   45.403664] ACPI: AC Adapter [AC] (on-line)
[   45.435899] input: Power Button as /devices/LNXSYSTM:00/LNXPWRBN:00/input/input0
[   45.506368] ACPI: Power Button [PWRF]
[   45.537084] input: Sleep Button as /devices/LNXSYSTM:00/LNXSLPBN:00/input/input11
[   45.609560] ACPI: Sleep Button [SLPF]
[   45.637573] GHES: HEST is otenabled!
[  4.644 AI:atrylot [BAT] (battry preen
[   6.293]erl:250/16550 drve 32 pots, IRQshrig abd  7.01254] 00:02: ttyS0 at IO 0x3f8irq=  be_ud 120 ia 55
[   47.849915] Linux agpgart interface v0.103
[   47.858157] loop: module loaded
[   47.877997] scsi host0: ata_piix
[   47.908724] scsi hst: a_ix
[   48.18877 aa1: PAT m UMA33 cmd0x0 l x36 bmma0xd000 rq14
[ 48972]ata2: PATA max UDMA/33 cmd 0x170 ctl 0x376 bmdma 0xd00 iq 15

[   49.06615] libphy: Fixed MDIBu: prbed
[   49.222271] tn:nirsl TUN/TP vi diver1.
[ 497498tu () 992004 Max Krasnyansky <maxk@qualcomm.com>
[  50.1358] PPP generic driver version 2.4.2
[   50.259792] ehci_hcd: USB 2.0 'Enhanced' Host Controller (EHCI) Driver
[   50.333641] ehci-pci: EHCI PCI platform driver
[   50.361770] ehci-platform: EHCI generic platform driver
[   50.396401] ohci_hcd: USB 1.1 'Open' Host Controller (OHCI) Driver
[   50.437943] ohci-pci: OHCI PCI platform driver
[   50.477281] ohci-platform: OHCI generic platform driver
[   505439uhi_d:SBnirsalHo Ctrler Inteface drve
[   51.319156] i8042: PNPPS Ctrle[PP03:2KNP03:P2Matx60x ir 112
[ 52.18657] ri: i8042 KBD port at 0x60,0x64 rq
  2.9472] serio: i802 UX prtt 0x0,0x64 irq12[ 529146] mousedev: P/2 mose deic common fr l ic

[   53.428821] rtc_cmos rtc_cmos: rtc core: registered rtc_cmos as rtc0
[   53.478205] input: AT Translated Set 2 keyboard as /devices/platform/i8042/serio0/input/input2
[   53.503653] rtc_cmos rtc_cmos: alarms up to one day, 114 bytes nvram
[   53.531249] i2c /dev entries driver
[   53.539703] device-mapper: uevent: version 1.0.3
[   53.550780] device-mapper: ioctl: 4.34.0-ioctl (2015-10-28) initialised: dm-devel@redhat.com
[   53.562811] ledtrig-cpu: registered to indicate activity on CPUs
[   53.585984] NET: Registered protocol family 10
[   53.612539] NET: Registered protocol family 17
[   53.665614] Key type dns_resolver registered
[   53.715996] microcode: CPU0 sig=0x406e3, pf=0x2, revision=0x0
[   53.777467] microcode: CPU1 sig=0x406e3, pf=0x2, revision=0x0
[   53.815008] microcode: CPU2 sig=0x406e3, pf=0x2, revision=0x0
[   53.844388]mioce:iccode Update Driver v2.01 <tigran@aivazan.fseto.k>Per ub
[   54.5540] regstretasts rsn 
  5.969] Loading compiled-in X509ceifcaes

[   55.36962] oaedX.9 rt 'Build time autogenated kene ky:aaf084bd529c105810b59e379d349682'   56.075117] zswap: loaded usig pool lzo/zbud
[   56.235843] Key type trusted registered
[   56.263959] Key type encrypted registered
[   56.289585] AppArmor: AppArmor sha1 policy hashing enabled
[   56.328493] ima: No TPM chip found, activating TPM-bypass!
[   56.367249] evm: HMAC attrs: 0x1
[   56.393290]   Magic number: 6:552:115
[   56.433800] rtc_cmos rtc_cmos: setting system clock to 2018-02-25 06:08:58 UTC (1519538938)
[   56.466814] BIOS EDD facility v0.16 2004-Jun-25, 0 devices found
[   56.514309] EDD information not available.
[   56.551002] Freeing unused kernel memory: 1508K
[   56.611391] Write protecting the kernel read-only data: 14336k
[   56.826668] Freeing unused kernel memory: 1700K
[   57.183048] Freeing unused kernel memory: 104K
Loading, please [   57.735380] random: systemd-udevd: uninitialized urandom read (16 bytes read, 11 bits of entropy available)
wait...
startin[   57.736365] random: udevadm: uninitialized urandom read (16 bytes read, 11 bits of entropy available)
g version 229
[   57.736394] random: udevadm: uninitialized urandom read (16 bytes read, 11 bits of entropy available)
[   57.754050] random: udevadm: uninitialized urandom read (16 bytes read, 11 bits of entropy available)
[   57.754122] random: udevadm: uninitialized urandom read (16 bytes read, 11 bits of entropy available)
[   57.754458] random: udevadm: uninitialized urandom read (16 bytes read, 11 bits of entropy available)
[   57.754551] random: udevadm: uninitialized urandom read (16 bytes read, 11 bits of entropy available)
[   57.754648] random: udevadm: uninitialized urandom read (16 bytes read, 11 bits of entropy available)
[   57.754740] random: udevadm: uninitialized urandom read (16 bytes read, 11 bits of entropy available)
[   57.754890] random: udevadm: uninitialized urandom read (16 bytes read, 11 bits of entropy available)
[   58.472020] e1000: Intel(R) PRO/1000 Network Driver - version 7.3.21-k8-NAPI
[   58.551198] e1000: Copyright (c) 1999-2006 Intel Corporation.
[   58.587641] Fusion MPT base driver 3.04.20
[   58.617544] Copyright (c) 1999-2008 LSI Corporation
[   58.637394] Fusion MPT SPI Host driver 3.04.20
[   58.658362] AVX2 version of gcm_enc/dec engaged.
[   58.702584] AES CTR mode by8 optimization enabled
[   58.837859] input: ImExPS/2 Generic Explorer Mouse as /devices/platform/i8042/serio1/input/input4
[   58.995624] e1000 0000:00:03.0 eth0: (PCI:33MHz:32-bit) 02:1f:2a:60:99:e3
[   59.069894] e1000 0000:00:03.0 eth0: Intel(R) PRO/1000 Network Connection
[   59.110243] mptbase: ioc0: Initiating bringup
[   59.111077] e1000 0000:00:03.0 enp0s3: renamed from eth0
[   59.262104] ioc0: LSI53C1030 A0: Capabilities={Initiator}
[   60.264744] scsi host2: ioc0: LSI53C1030 A0, FwRev=00000000h, Ports=1, MaxQ=256, IRQ=20
[   60.840270] scsi 2:0:0:0: Direct-Access     VBOX     HARDDISK         1.0  PQ: 0 ANSI: 5
[   60.920975] scsi target2:0:0: Beginning Domain Validation
[   60.981592] scsi target2:0:0: Domain Validation skipping write tests
[   61.191201] scsi target2:0:0: Ending Domain Validation
[   61.467617] scsi target2:0:0: asynchronous
[   61.599068] floppy0: no floppy controllers found
[   61.624108] scsi 2:0:1:0: Direct-Access     VBOX     HARDDISK         1.0  PQ: 0 ANSI: 5
[   61.644381] scsi target2:0:1: Beginning Domain Validation
[   61.694288] scsi target2:0:1: Domain Validation skipping write tests
[   61.730178] scsi target2:0:1: Ending Domain Validation
[   61.746167] scsi target2:0:1: asynchronous
[   61.816968] sd 2:0:0:0: [sda] 20971520 512-byte logical blocks: (10.7 GB/10.0 GiB)
[   61.896734] sd 2:0:0:0: Attached scsi generic sg0 type 0
[   61.897295] sd 2:0:0:0: [sda] Write Protect is off
[   61.898057] sd 2:0:0:0: [sda] Incomplete mode parameter data
[   61.898059] sd 2:0:0:0: [sda] Assuming drive cache: write through
[   61.902568]  sda: sda1
[   61.903983] sd 2:0:0:0: [sda] Attached SCSI disk
[   62.196211] sd 2:0:1:0: Attached scsi generic sg1 type 0
[   62.245798] sd 2:0:1:0: [sdb] 20480 512-byte logical blocks: (10.5 MB/10.0 MiB)
[   62.338790] sd 2:0:1:0: [sdb] Write Protect is off
[   62.369240] sd 2:0:1:0: [sdb] Incomplete mode parameter data
[   62.376627] sd 2:0:1:0: [sdb] Assuming drive cache: write through
[   62.399966] sd 2:0:1:0: [sdb] Attached SCSI disk
Begin: Loading e[   64.116866] md: linear personality registered for level -1
ssential drivers[   64.142785] md: multipath personality registered for level -4
 ... [   64.166301] md: raid0 personality registered for level 0
[   64.214668] md: raid1 personality registered for level 1
[   64.304869] raid6: sse2x1   gen()  6710 MB/s
[   64.420722] raid6: sse2x1   xor()  3810 MB/s
[   64.504502] raid6: sse2x2   gen()  7368 MB/s
[   64.572695] raid6: sse2x2   xor()  5008 MB/s
[   64.649213] raid6: sse2x4   gen()  6145 MB/s
[   64.721188] raid6: sse2x4   xor()  3618 MB/s
[   64.812489] raid6: avx2x1   gen()  9308 MB/s
[   64.896589] raid6: avx2x2   gen() 10789 MB/s
[   64.964934] raid6: avx2x4   gen() 12746 MB/s
[   64.975416] raid6: using algorithm avx2x4 gen() 12746 MB/s
[   64.987096] raid6: using avx2x2 recovery algorithm
[   65.001389] xor: automatically using best checksumming function:
[   65.049149]    avx       : 12994.000 MB/sec
[   65.058518] async_tx: api initialized (async)
[   65.071137] md: raid6 personality registered for level 6
[   65.087052] md: raid5 personality registered for level 5
[   65.088734] md: raid4 personality registered for level 4
[   65.108072] md: raid10 personality registered for level 10
done.
Begin: Running /scripts/init-premount ... done.
Begin: Mounting root file system ... Begin: Running /scripts/local-top ... done.
Begin: Runnin[   65.169918] Btrfs loaded
g /scripts/local-premount ... Scanning for Btrfs filesystems
done.
Warning: fsck no[   65.246121] EXT4-fs (sda1): mounted filesystem with ordered data mode. Opts: (null)
t present, so skipping root file system
done.
Begin: Running /scripts/local-bottom ... done.
Begin: Running /scripts/init-bottom ... done.
[   65.436463] systemd[1]: systemd 229 running in system mode. (+PAM +AUDIT +SELINUX +IMA +APPARMOR +SMACK +SYSVINIT +UTMP +LIBCRYPTSETUP +GCRYPT +GNUTLS +ACL +XZ -LZ4 +SECCOMP +BLKID +ELFUTILS +KMOD -IDN)
[   65.471502] systemd[1]: Detected virtualization oracle.
[   65.484102] systemd[1]: Detected architecture x86-64.

Welcome to [1mUbuntu 16.04.3 LTS[0m!

[  6.537847] systemd[1]: Set hostname to <ubuntu-xenial>

[   66.304667] random: nonblocking pool is initialized
[  639336]systemd[1] Listening on yslg Sckt.
[[0;32m  OK  [0m] Listening on Syslog Socket.
[   67.154876] systemd[1]: Started Forward Password Requests to Wall Directory Watch.
[[0;32m  OK  [0m] Started Forward Password Requests to Wall Directory Watch.
[   67.294490 systemd[1]: Listening on /dev/iitctl Comatibility Named Pipe.
[[0;32m  OK  [0m] Listening on /dev/initctl Compatibility Named Pipe.
[   676315 stemd[1]: Reached target User and Group Name Lookups.
[[0;32m  OK  [0m] Reached target User and Group Name Lookups.
[  67919309] systed[1]: Listening on Journal Socket.
[[0;32m  OK  [0m] Listening on Journal Socket.
[   68.199804] syste[1: Listening on LVM2 metadata daemon socket.
[[0;32m  OK  [0m] Listening on LVM2 metadata daemon socket.
[   68.64535] systemd[1]: Started Trgger resolvconf update for networkd DNS.
[[0;32m  OK  [0m] Started Trigger resolvconf update for networkd DNS.
[   688635 sstmd1]:Set up automount Arbitrary Executable File Formats File System Automount Point.
[[0;32m  OK  [0m] Set up automount Arbitrary Executab...ats File System Automount Point.
[ 69.2178] systemd[1]:Listening on Journal Socket (/dev/log).
[[0;32m  OK  [0m] Listening on Journal Socket (/dev/log).
[ 70.235840] systemd[1]: Created slice User and Session Slice.
[[0;32m  OK  [0m] Created slice User and Session Slice.
[   70.339540] systemd[1]: Listening on Journal Audit Socket.
[[0;32m  OK  [0m] Listening on Journal Audit Socket.
[   70.345309] systemd[1]: Reached target Encrypted Volumes.
[[0;32m  OK  [0m] Reached target Encrypted Volumes.
[ 70.57114] systed[: istening on udev Kernel Socket.
[[0;32m  OK  [0m] Listening on udev Kernel Socket.
[   1.53] ysmd1] Reached target wa.
[[0;32m  OK  [0m] Reached target Swap.
[   72.170738] systemd[1]: Listenng on LVM2 poll daemon socket.
[[0;32m  OK  [0m] Listening on LVM2 poll daemon socket.
[ 7200943] systemd[1]: Listenig n vie-mapper event daemon FIFOs.
[[0;32m  OK  [0m] Listening on Device-mapper event daemon FIFOs.
[  72.681119] systemd[1]: Listening on udev Control Socket.
[[0;32m  OK  [0m] Listening on udev Control Socket.
[   72.9240] sstmd1]: Created slice System Slice.
[[0;32m  OK  [0m] Created slice System Slice.
[   73.157441] systemd[1]: Created slice systm-erial\x2dgetty.slice.
[[0;32m  OK  [0m] Created slice system-serial\x2dgetty.slice.
[   73.640624] systemd[1]: Statin St nse ymp...

         Starting Set console keymap...
[   74.019515] systemd[1]: Starting Load Kernel Modules...
         Starting Load Ke[   74.079559] Loading iSCSI transport class v2.0-870.
rnel Modules...[   74.133238] iscsi: registered transport (tcp)

[   74.177265] systemd[1]: Mounting Huge Pages File System...
         Mounting Huge Pages File System.[   74.219774] iscsi: registered transport (iser)
..
[   74.242964] systemd[1]: Starting Uncomplicated firewall...
         Starting Uncomplicated firewall...
[   74.293298] systemd[1]: Reached target Slices.
[[0;32m  OK  [0m] Reached target Slices.
[   74.364790] systemd[1]: Starting Monitoring of LVM2 mirrors, snapshots etc. using dmeventd or progress polling...
         Starting Monitoring of LVM2 mirrors... dmeventd or progress polling...
[   74.497239] systemd[1]: Mounting POSIX Message Queue File System...
         Mounting POSIX Message Queue File System...
[   74.531407] systemd[1]: Starting Journal Service...
         Starting Journal Service...
[   74.597337] systemd[1]: Starting Create list of required static device nodes for the current kernel...
         Starting Create list of required st... nodes for the current kernel...
[   74.680725] systemd[1]: Starting Remount Root and Kernel File Systems...
[   74.687771] EXT4-fs (sda1): re-mounted. Opts: (null)
         Starting Remount Root and Kernel File Systems...
[   74.738942] systemd[1]: Mounting Debug File System...
         Mounting Debug File System...
[   74.821017] systemd[1]: Starting Nameserver information manager...
         Starting Nameserver information manager...
[   74.905144] systemd[1]: Mounted Huge Pages File System.
[[0;32m  OK  [0m] Mounted Huge Pages File System.
[   74.952755] systemd[1]: Mounted Debug File System.
[[0;32m  OK  [0m] Mounted Debug File System.
[   75.009671] systemd[1]: Mounted POSIX Message Queue File System.
[[0;32m  OK  [0m] Mounted POSIX Message Queue File System.
[   75.062082] systemd[1]: Started Journal Service.
[[0;32m  OK  [0m] Started Journal Service.
[[0;32m  OK  [0m] Started Set console keymap.
[[0;32m  OK  [0m] Started Load Kernel Modules.
[[0;32m  OK  [0m] Started Uncomplicated firewall.
[[0;32m  OK  [0m] Started Create list of required sta...ce nodes for the current kernel.
[[0;32m  OK  [0m] Started Remount Root and Kernel File Systems.
[[0;32m  OK  [0m] Started Nameserver information manager.
[[0;32m  OK  [0m] Started LVM2 metadata daemon.
         Starting Load/Save Random Seed...
         Starting Initial cloud-init job (pre-networking)...
         Starting udev Coldplug all Devices...
         Starting Create Static Device Nodes in /dev...
         Starting Apply Kernel Variables...
         Mounting FUSE Control File System...
         Starting Flush Journal to Persistent Storage...
[[0;32m  OK  [0m] Mounted FUSE Control File System.
[[0;32m  OK  [0m] Started Load/Save Random Seed.
[[0;32m  OK  [0m] Started Create Static Device Nodes in /dev.
[[0;32m  OK  [0m] Started Apply Kernel Variables.
[[0;32m  OK  [0m] Started udev Coldplug all Devices.
[[0;32m  OK  [0m] Started Flush Journal to Persistent Storage.
[[0;32m  OK  [0m] Started Monitoring of LVM2 mirrors,...ng dmeventd or progress polling.
         Starting udev Kernel Device Manager...
[[0;32m  OK  [0m] Started udev Kernel Device Manager.
[[0;32m  OK  [0m] Reached target Local File Systems (Pre).
[[0;32m  OK  [0m] Reached target Local File Systems.
         Starting LSB: AppArmor initialization...
         Starting Create Volatile Files and Directories...
         Starting Set console font and keymap...
         Starting Tell Plymouth To Write Out Runtime Data...
[[0;32m  OK  [0m] Started Dispatch Password Requests to Console Directory Watch.
[[0;32m  OK  [0m] Started Create Volatile Files and Directories.
[[0;32m  OK  [0m] Started Tell Plymouth To Write Out Runtime Data.
[[0;32m  OK  [0m] Found device /dev/ttyS0.
[[0;32m  OK  [0m] Started LSB: AppArmor initialization.
[   45.087769] cloud-init[460]: Cloud-init v. 17.1 running 'init-local' at Sun, 25 Feb 2018 06:09:18 +0000. Up 44.46 seconds.
[[0;32m  OK  [0m] Started Initial cloud-init job (pre-networking).
[[0;32m  OK  [0m] Reached target Network (Pre).
[[0;32m  OK  [0m] Started ifup for enp0s3.
[[0;32m  OK  [0m] Listening on Load/Save RF Kill Switch Status /dev/rfkill Watch.
         Starting Raise network interfaces...
         Starting Update UTMP about System Boot/Shutdown...
[[0;32m  OK  [0m] Reached target System Time Synchronized.
[[0;32m  OK  [0m] Started Set console font and keymap.
[[0;32m  OK  [0m] Created slice system-getty.slice.
[[0;32m  OK  [0m] Started Update UTMP about System Boot/Shutdown.
[[0;32m  OK  [0m] Started Raise network interfaces.
[[0;32m  OK  [0m] Reached target Network.
         Starting Initial cloud-init job (metadata service crawler)...
[   48.461933] cloud-init[990]: Cloud-init v. 17.1 running 'init' at Sun, 25 Feb 2018 06:09:22 +0000. Up 47.76 seconds.
[   48.497050] cloud-init[990]: ci-info: +++++++++++++++++++++++++++++++++++++Net device info++++++++++++++++++++++++++++++++++++++
[   48.554014] cloud-init[990]: ci-info: +--------+------+----------------------------+---------------+-------+-------------------+
[[0;32m  OK  [0m] Started Initial cloud-init job (metadata service crawler).
[   48.638503] [cloud-init[0;32m  OK  [0m[990]: ] ci-info: | Device |  Up  |          Address           |      Mask     | Scope |     Hw-Address    |Reached target System Initialization.

[   48.792855] [cloud-init[0;32m  OK  [0m[990]: ] ci-info: +--------+------+----------------------------+---------------+-------+-------------------+Started Daily Cleanup of Temporary Directories.

[   48.793632] [cloud-init[0;32m  OK  [0m[990]: ] ci-info: | enp0s3 | True |         10.0.2.15          | 255.255.255.0 |   .   | 02:1f:2a:60:99:e3 |Listening on D-Bus System Message Bus Socket.

[   49.009275] cloud-init[990]: ci-info: | enp0s3 | True | fe80::1f:2aff:fe60:99e3/64 |       .       |  link | 02:1f:2a:60:99:e3 |
[[0;32m  OK  [0m] Listening on UUID daemon activation socket.
[   49.010029] cloud-init[990]: ci-info: |   lo   | True |         127.0.0.1          |   255.0.0.0   |   .   |         .         |
[[0;32m  OK  [0m] Started ACPI Events Check.
[   49.108601] [cloud-init[0;32m  OK  [0m[990]: ] ci-info: |   lo   | True |          ::1/128           |       .       |  host |         .         |Reached target Paths.

[   49.132848] cloud-init[990]: ci-info: +--------+------+----------------------------+---------------+-------+-------------------+
[   49.336597] [cloud-init[0;32m  OK  [0m[990]: ] ci-info: +++++++++++++++++++++++++++Route IPv4 info++++++++++++++++++++++++++++Started Timer to automatically refresh installed snaps.

[   49.337131] cloud-init[990]: ci-info: +-------+-------------+----------+---------------+-----------+-------+
[   49.529796]          cloud-initStarting LXD - unix socket.[990]: 
ci-info: | Route | Destination | Gateway  |    Genmask    | Interface | Flags |
[   49.628415]          cloud-initStarting Socket activation for snappy daemon.[990]: 
ci-info: +-------+-------------+----------+---------------+-----------+-------+
[   49.760692] [cloud-init[0;32m  OK  [0m[990]: ] ci-info: |   0   |   0.0.0.0   | 10.0.2.2 |    0.0.0.0    |   enp0s3  |   UG  |Listening on ACPID Listen Socket.

[   49.761067] [cloud-init[0;32m  OK  [0m[990]: ] ci-info: |   1   |   10.0.2.0  | 0.0.0.0  | 255.255.255.0 |   enp0s3  |   U   |Reached target Network is Online.

[   49.920722]          cloud-initStarting iSCSI initiator daemon (iscsid)...[990]: 
ci-info: +-------+-------------+----------+---------------+-----------+-------+
[[0;32m  OK  [0m] Started Daily apt download activities.
[[0;32m  OK  [0m] Started Daily apt upgrade and clean activities.
[[0;32m  OK  [0m] Reached target Timers.
[[0;32m  OK  [0m] Reached target Cloud-config availability.
[[0;32m  OK  [0m] Listening on LXD - unix socket.
[[0;32m  OK  [0m] Listening on Socket activation for snappy daemon.
[[0;32m  OK  [0m] Started iSCSI initiator daemon (iscsid).
         Starting Login to default iSCSI targets...
[[0;32m  OK  [0m] Reached target Sockets.
[[0;32m  OK  [0m] Reached target Basic System.
         Starting LSB: Record successful boot for GRUB...
[[0;32m  OK  [0m] Started FUSE filesystem for LXC.
         Starting Accounts Service...
[[0;32m  OK  [0m] Started D-Bus System Message Bus.
         Starting Snappy daemon...
         Starting Apply the settings specified in cloud-config...
         Starting /etc/rc.local Compatibility...
         Starting Login Service...
         Starting LSB: MD monitoring daemon...
[[0;32m  OK  [0m] Started ACPI event daemon.
[[0;32m  OK  [0m] Started Deferred execution scheduler.
         Starting System Logging Service...
[[0;32m  OK  [0m] Started Unattended Upgrades Shutdown.
         Starting OpenBSD Secure Shell server...
[[0;32m  OK  [0m] Started Regular background program processing daemon.
         Starting LXD - container startup/shutdown...
[[0;32m  OK  [0m] Started Snappy daemon.
[[0;32m  OK  [0m] Started System Logging Service.
[[0;32m  OK  [0m] Started OpenBSD Secure Shell server.
[[0;32m  OK  [0m] Started /etc/rc.local Compatibility.
[[0;32m  OK  [0m] Started LXD - container startup/shutdown.
[[0;32m  OK  [0m] Started LSB: Record successful boot for GRUB.
[[0;32m  OK  [0m] Started Login to default iSCSI targets.
[[0;32m  OK  [0m] Started LSB: MD monitoring daemon.
         Starting Authenticate and Authorize Users to Run Privileged Tasks...
[[0;32m  OK  [0m] Reached target Remote File Systems (Pre).
[[0;32m  OK  [0m] Reached target Remote File Systems.
         Starting LSB: Set the CPU Frequency Scaling governor to "ondemand"...
         Starting LSB: automatic crash report generation...
         Starting LSB: daemon to balance interrupts for SMP systems...
[   52.200604] cloud-init[1071]: Cloud-init v. 17.1 running 'modules:config' at Sun, 25 Feb 2018 06:09:26 +0000. Up 51.72 seconds.
         Starting Permit User Sessions...
         Starting LSB: VirtualBox Linux Additions...
[[0;32m  OK  [0m] Started Apply the settings specified in cloud-config.
[[0;32m  OK  [0m] Started Permit User Sessions.
[[0;32m  OK  [0m] Started Login Service.
[[0;32m  OK  [0m] Started Authenticate and Authorize Users to Run Privileged Tasks.
[[0;32m  OK  [0m] Started Accounts Service.
[[0;32m  OK  [0m] Started LSB: Set the CPU Frequency Scaling governor to "ondemand".
[[0;32m  OK  [0m] Started LSB: automatic crash report generation.
[[0;32m  OK  [0m] Started LSB: daemon to balance interrupts for SMP systems.
[[0;32m  OK  [0m] Created slice User Slice of vagrant.
         Starting User Manager for UID 1000...
[[0;32m  OK  [0m] Started Session 1 of user vagrant.
         Starting Terminate Plymouth Boot Screen...
         Starting Hold until boot process finishes up...
[[0;32m  OK  [0m] Started User Manager for UID 1000.
[[0;32m  OK  [0m] Started LSB: VirtualBox Linux Additions.
[[0;32m  OK  [0m] Started Terminate Plymouth Boot Screen.
[[0;32m  OK  [0m] Started Hold until boot process finishes up.
[[0;32m  OK  [0m] Started Getty on tty1.
[[0;32m  OK  [0m] Started Serial Getty on ttyS0.
[[0;32m  OK  [0m] Reached target Login Prompts.
         Starting Set console scheme...
[[0;32m  OK  [0m] Reached target Multi-User System.
[[0;32m  OK  [0m] Reached target Graphical Interface.
         Starting Update UTMP about System Runlevel Changes...
         Starting Execute cloud user/final scripts...
[[0;32m  OK  [0m] Started Set console scheme.
[[0;32m  OK  [0m] Started Update UTMP about System Runlevel Changes.
[   54.433384] cloud-init[1229]: Cloud-init v. 17.1 running 'modules:final' at Sun, 25 Feb 2018 06:09:28 +0000. Up 54.17 seconds.
[   54.572831] cloud-init[1229]: Cloud-init v. 17.1 finished at Sun, 25 Feb 2018 06:09:28 +0000. Datasource DataSourceNoCloud [seed=/dev/sdb][dsmode=net].  Up 54.42 seconds
[[0;32m  OK  [0m] Started Execute cloud user/final scripts.
[[0;32m  OK  [0m] Reached target Cloud-init target.

Ubuntu 16.04.3 LTS ubuntu-xenial ttyS0

ubuntu-xenial login:          Stopping Authenticateeand Authorize Users to Run Privileged Tasks...
[[0;32m  OKe[[0;32m  OK  [0m] Unmounted /var/lib/lxcfs.
[[0;32m  OK  [0m] Stopped Accounts Service.
[[0;32m  OK  [0m] Stopped Snappy daemon.
[[0;32m  OK  [0m] Stopped ACPI event daemon.
[[0;32m  OK  [0m] Stopped Deferred execution scheduler.
[[0;32m  OK  [0m] Stopped System Logging Service.
[[0;32m  OK  [0m] Stopped OpenBSD Secure Shell server.
[[0;32m  OK  [0m] Stopped Regular background program processing daemon.
[[0;32m  OK  [0m] Stopped Authenticate and Authorize Users to Run Privileged Tasks.
[[0;32m  OK  [0m] Stopped Getty on tty1.
[[0;32m  OK  [0m] Stopped Serial Getty on ttyS0.
[[0;32m  OK  [0m] Stopped User Manager for UID 1000.
[[0;32m  OK  [0m] Stopped Session 4 of user vagrant.
[[0;32m  OK  [0m] Stopped D-Bus System Message Bus.
[[0;32m  OK  [0m] Stopped Unattended Upgrades Shutdown.
[[0;32m  OK  [0m] Stopped FUSE filesystem for LXC.
[[0;32m  OK  [0m] Stopped LXD - container startup/shutdown.
[[0;32m  OK  [0m] Stopped LSB: MD monitoring daemon.
[[0;32m  OK  [0m] Stopped LSB: daemon to balance interrupts for SMP systems.
[[0;32m  OK  [0m] Stopped LSB: VirtualBox Linux Additions.
[[0;32m  OK  [0m] Stopped LSB: Set the CPU Frequency Scaling governor to "ondemand".
[[0;32m  OK  [0m] Stopped LSB: Record successful boot for GRUB.
[[0;32m  OK  [0m] Stopped LSB: automatic crash report generation.
[[0;32m  OK  [0m] Removed slice User Slice of vagrant.
         Stopping LLgin Service...
[[0;32m  OK  [0m] Removed slice system-serial\x2dgetty.slice.
[[0;32m  OK  [0m] Removed slice system-getty.slice.
         Stopping Permit User Sessions...
[[0;32m  OK  [0m] Stopped /etc/rc.local Compatibility.
[[0;32m  OK  [0m] Stopped Login Service.
[[0;32m  OK  [0m] Stopped Permit User Sessions.
[[0;32m  OK  [0m] Stopped target Remote File Systems.
[[0;32m  OK  [0m] Stopped target Remote File Systems (Pre).
         Stopping Login to default iSCSI targets...
[[0;32m  OK  [0m] Stopped target User and Group Name Lookups.
[[0;32m  OK  [0m] Stopped target Basic System.
[[0;32m  OK  [0m] Stopped target Slices.
[[0;32m  OK  [0m] Removed slice User and Session Slice.
[[0;32m  OK  [0m] Stopped target Paths.
[[0;32m  OK  [0m] Stopped Forward Password Requests to Wall Directory Watch.
[[0;32m  OK  [0m] Stopped Dispatch Password Requests to Console Directory Watch.
[[0;32m  OK  [0m] Stopped ACPI Events Check.
[[0;32m  OK  [0m] Stopped target Sockets.
[[0;32m  OK  [0m] Closed ACPID Listen Socket.
[[0;32m  OK  [0m] Closed LXD - unix socket.
[[0;32m  OK  [0m] Closed Syslog Socket.
[[0;32m  OK  [0m] Closed D-Bus System Message Bus Socket.
[[0;32m  OK  [0m] Closed Socket activation for snappy daemon.
[[0;32m  OK  [0m] Closed UUID daemon activation socket.
[[0;32m  OK  [0m] Stopped target System Initialization.
[[0;32m  OK  [0m] Stopped target Swap.
[[0;32m  OK  [0m] Stopped target Encrypted Volumes.
[[0;32m  OK  [0m] Stopped Create Volatile Files and Directories.
         Stopping Load/Save Random Seed...
[[0;32m  OK  [0m] Stopped Load/Save Random Seed.
[[0;32m  OK  [0m] Stopped Login to default iSCSI targets.
         Stopping iSCSI initiator daemon (iscsid)...
[[0;32m  OK  [0m] Stopped iSCSI initiator daemon (iscsid).
[[0;32m  OK  [0m] Stopped target Network is Online.
[[0;32m  OK  [0m] Stopped target Network.
[[0;32m  OK  [0m] Stopped Initial cloud-init job (metadata service crawler).
         Stopping Raise network interfaces...
[[0;32m  OK  [0m] Stopped Raise network interfaces.
[[0;32m  OK  [0m] Stopped Apply Kernel Variables.
[[0;32m  OK  [0m] Stopped Load Kernel Modules.
[[0;32m  OK  [0m] Stopped target Local File Systems.
         Unmounting /vagrant...
         Unmounting /run/user/1000...
[[0;32m  OK  [0m] Stopped target Network (Pre).
[[0;32m  OK  [0m] Stopped Initial cloud-init job (pre-networking).
[[0;32m  OK  [0m] Unmounted /vagrant.
[[0;32m  OK  [0m] Unmounted /run/user/1000.
[[0;32m  OK  [0m] Reached target Unmount All Filesystems.
[[0;32m  OK  [0m] Stopped target Local File Systems (Pre).
[[0;32m  OK  [0m] Stopped Create Static Device Nodes in /dev.
         Stopping Monitoring of LVM2 mirrors... dmeventd or progress polling...
[[0;32m  OK  [0m] Stopped Remount Root and Kernel File Systems.
[[0;32m  OK  [0m] Reached target Shutdown.
[  872.564386] reboot: Power down
